TN:
SF:controllers/authController.js
FN:5,(anonymous_0)
FN:12,(anonymous_1)
FN:54,(anonymous_2)
FN:98,(anonymous_3)
FN:109,(anonymous_4)
FNF:5
FNH:4
FNDA:2,(anonymous_0)
FNDA:6,(anonymous_1)
FNDA:6,(anonymous_2)
FNDA:1,(anonymous_3)
FNDA:0,(anonymous_4)
DA:5,4
DA:6,2
DA:12,4
DA:13,6
DA:15,6
DA:23,2
DA:28,4
DA:29,2
DA:32,2
DA:33,2
DA:34,2
DA:35,1
DA:38,1
DA:39,1
DA:40,1
DA:47,1
DA:49,0
DA:54,4
DA:55,6
DA:57,6
DA:58,6
DA:59,6
DA:60,4
DA:65,2
DA:66,2
DA:67,1
DA:72,1
DA:73,1
DA:81,1
DA:93,0
DA:98,4
DA:99,1
DA:105,1
DA:109,4
DA:110,0
DA:112,0
DA:121,0
LF:37
LH:32
BRDA:15,0,0,2
BRDA:15,0,1,4
BRDA:16,1,0,6
BRDA:16,1,1,6
BRDA:16,1,2,4
BRDA:16,1,3,4
BRDA:16,1,4,4
BRDA:16,1,5,4
BRDA:28,2,0,2
BRDA:28,2,1,2
BRDA:34,3,0,1
BRDA:34,3,1,1
BRDA:43,4,0,0
BRDA:43,4,1,1
BRDA:59,5,0,4
BRDA:59,5,1,2
BRDA:66,6,0,1
BRDA:66,6,1,1
BRDA:76,7,0,0
BRDA:76,7,1,1
BRDA:102,8,0,0
BRDA:102,8,1,1
BRF:22
BRH:19
end_of_record
TN:
SF:controllers/chatController.js
FN:3,(anonymous_0)
FNF:1
FNH:1
FNDA:9,(anonymous_0)
DA:3,1
DA:4,9
DA:5,9
DA:6,9
DA:7,3
DA:9,6
DA:11,6
DA:15,5
DA:17,1
DA:18,1
LF:10
LH:10
BRDA:6,0,0,3
BRDA:6,0,1,6
BRDA:6,1,0,9
BRDA:6,1,1,8
BRDA:6,1,2,7
BRF:5
BRH:5
end_of_record
TN:
SF:controllers/codeRunnerController.js
FN:3,(anonymous_0)
FNF:1
FNH:1
FNDA:19,(anonymous_0)
DA:3,2
DA:4,19
DA:6,19
DA:7,6
DA:12,13
DA:13,13
DA:14,9
DA:16,4
DA:18,4
LF:9
LH:9
BRDA:6,0,0,6
BRDA:6,0,1,13
BRDA:6,1,0,19
BRDA:6,1,1,15
BRDA:13,2,0,13
BRDA:13,2,1,12
BRDA:20,3,0,4
BRDA:20,3,1,0
BRDA:20,3,2,0
BRDA:21,4,0,4
BRDA:21,4,1,0
BRF:11
BRH:8
end_of_record
TN:
SF:controllers/geminiController.js
FN:5,(anonymous_0)
FN:26,(anonymous_1)
FN:47,(anonymous_2)
FNF:3
FNH:3
FNDA:8,(anonymous_0)
FNDA:8,(anonymous_1)
FNDA:9,(anonymous_2)
DA:5,1
DA:6,8
DA:7,8
DA:9,8
DA:10,2
DA:13,6
DA:14,2
DA:15,2
DA:20,4
DA:26,1
DA:27,8
DA:28,8
DA:30,8
DA:31,2
DA:34,6
DA:35,2
DA:36,2
DA:41,4
DA:47,1
DA:48,9
DA:49,9
DA:51,9
DA:52,2
DA:55,7
DA:57,3
DA:62,4
LF:26
LH:26
BRDA:9,0,0,2
BRDA:9,0,1,6
BRDA:30,1,0,2
BRDA:30,1,1,6
BRDA:51,2,0,2
BRDA:51,2,1,7
BRF:6
BRH:6
end_of_record
TN:
SF:controllers/notebookController.js
FN:4,(anonymous_0)
FN:30,(anonymous_1)
FN:43,(anonymous_2)
FNF:3
FNH:3
FNDA:5,(anonymous_0)
FNDA:4,(anonymous_1)
FNDA:8,(anonymous_2)
DA:4,1
DA:5,5
DA:6,5
DA:8,5
DA:9,2
DA:12,3
DA:18,3
DA:19,2
DA:23,1
DA:30,1
DA:31,4
DA:32,4
DA:35,3
DA:37,1
DA:43,1
DA:44,8
DA:45,8
DA:47,8
DA:48,2
DA:55,6
DA:60,5
DA:61,2
DA:68,3
DA:69,3
DA:70,2
DA:74,2
DA:76,2
DA:81,2
DA:82,2
LF:29
LH:29
BRDA:8,0,0,2
BRDA:8,0,1,3
BRDA:47,1,0,2
BRDA:47,1,1,6
BRDA:60,2,0,2
BRDA:60,2,1,3
BRDA:69,3,0,2
BRDA:69,3,1,1
BRF:8
BRH:8
end_of_record
TN:
SF:controllers/qaController.js
FN:3,(anonymous_0)
FN:60,(anonymous_1)
FN:90,(anonymous_2)
FNF:3
FNH:3
FNDA:7,(anonymous_0)
FNDA:5,(anonymous_1)
FNDA:2,(anonymous_2)
DA:3,1
DA:4,7
DA:5,7
DA:6,7
DA:7,3
DA:16,4
DA:18,3
DA:20,1
DA:28,2
DA:34,2
DA:35,1
DA:41,1
DA:43,1
DA:45,1
DA:52,1
DA:53,1
DA:60,1
DA:61,5
DA:62,5
DA:64,5
DA:65,1
DA:72,4
DA:73,3
DA:74,1
DA:81,2
DA:82,2
DA:83,1
DA:90,2
DA:91,1
DA:94,1
DA:96,1
DA:101,1
DA:102,1
LF:33
LH:33
BRDA:6,0,0,3
BRDA:6,0,1,4
BRDA:6,1,0,7
BRDA:6,1,1,6
BRDA:6,1,2,5
BRDA:18,2,0,1
BRDA:18,2,1,2
BRDA:34,3,0,1
BRDA:34,3,1,1
BRDA:64,4,0,1
BRDA:64,4,1,4
BRDA:73,5,0,1
BRDA:73,5,1,2
BRDA:82,6,0,1
BRDA:82,6,1,1
BRF:15
BRH:15
end_of_record
TN:
SF:controllers/snippetController.js
FN:4,(anonymous_0)
FN:24,(anonymous_1)
FN:35,(anonymous_2)
FN:76,(anonymous_3)
FNF:4
FNH:4
FNDA:4,(anonymous_0)
FNDA:3,(anonymous_1)
FNDA:5,(anonymous_2)
FNDA:1,(anonymous_3)
DA:4,1
DA:5,4
DA:6,4
DA:7,4
DA:8,1
DA:10,3
DA:15,3
DA:16,2
DA:18,1
DA:24,1
DA:25,3
DA:26,3
DA:27,2
DA:29,1
DA:35,1
DA:36,5
DA:37,5
DA:39,5
DA:40,1
DA:47,4
DA:52,3
DA:53,2
DA:60,1
DA:62,1
DA:68,1
DA:76,1
DA:77,1
DA:78,1
DA:80,0
LF:29
LH:28
BRDA:7,0,0,1
BRDA:7,0,1,3
BRDA:39,1,0,1
BRDA:39,1,1,4
BRDA:52,2,0,2
BRDA:52,2,1,1
BRF:6
BRH:6
end_of_record
TN:
SF:controllers/suggestionController.js
FN:3,(anonymous_0)
FN:23,(anonymous_1)
FN:34,(anonymous_2)
FNF:3
FNH:3
FNDA:7,(anonymous_0)
FNDA:3,(anonymous_1)
FNDA:7,(anonymous_2)
DA:3,1
DA:4,7
DA:5,7
DA:6,7
DA:7,5
DA:9,2
DA:14,2
DA:15,1
DA:17,1
DA:23,1
DA:24,3
DA:25,3
DA:26,2
DA:28,1
DA:34,1
DA:35,7
DA:36,7
DA:38,7
DA:39,2
DA:46,5
DA:51,4
DA:52,2
DA:59,2
DA:61,1
DA:66,2
DA:67,2
LF:26
LH:26
BRDA:6,0,0,5
BRDA:6,0,1,2
BRDA:6,1,0,7
BRDA:6,1,1,4
BRDA:38,2,0,2
BRDA:38,2,1,5
BRDA:51,3,0,2
BRDA:51,3,1,2
BRF:8
BRH:8
end_of_record
